c:\users\migue\onedrive\documents\seneca college\class documents for 3 semester\courses\oop345 - hong huang - ndd\myworks\ws01\workshop 1\workshop 1\x64\debug\vc143.pdb
c:\users\migue\onedrive\documents\seneca college\class documents for 3 semester\courses\oop345 - hong huang - ndd\myworks\ws01\workshop 1\workshop 1\x64\debug\vc143.idb
c:\users\migue\onedrive\documents\seneca college\class documents for 3 semester\courses\oop345 - hong huang - ndd\myworks\ws01\workshop 1\workshop 1\x64\debug\timemonitor.obj
c:\users\migue\onedrive\documents\seneca college\class documents for 3 semester\courses\oop345 - hong huang - ndd\myworks\ws01\workshop 1\workshop 1\x64\debug\tester_1.obj
c:\users\migue\onedrive\documents\seneca college\class documents for 3 semester\courses\oop345 - hong huang - ndd\myworks\ws01\workshop 1\workshop 1\x64\debug\settings.obj
c:\users\migue\onedrive\documents\seneca college\class documents for 3 semester\courses\oop345 - hong huang - ndd\myworks\ws01\workshop 1\workshop 1\x64\debug\logger.obj
c:\users\migue\onedrive\documents\seneca college\class documents for 3 semester\courses\oop345 - hong huang - ndd\myworks\ws01\workshop 1\workshop 1\x64\debug\event.obj
c:\users\migue\onedrive\documents\seneca college\class documents for 3 semester\courses\oop345 - hong huang - ndd\myworks\ws01\workshop 1\workshop 1\x64\debug\dictionary.obj
c:\users\migue\onedrive\documents\seneca college\class documents for 3 semester\courses\oop345 - hong huang - ndd\myworks\ws01\workshop 1\workshop 1\x64\debug\workshop 1.ilk
c:\users\migue\onedrive\documents\seneca college\class documents for 3 semester\courses\oop345 - hong huang - ndd\myworks\ws01\workshop 1\x64\debug\workshop 1.pdb
c:\users\migue\onedrive\documents\seneca college\class documents for 3 semester\courses\oop345 - hong huang - ndd\myworks\ws01\workshop 1\workshop 1\x64\debug\workshop 1.tlog\cl.command.1.tlog
c:\users\migue\onedrive\documents\seneca college\class documents for 3 semester\courses\oop345 - hong huang - ndd\myworks\ws01\workshop 1\workshop 1\x64\debug\workshop 1.tlog\cl.items.tlog
c:\users\migue\onedrive\documents\seneca college\class documents for 3 semester\courses\oop345 - hong huang - ndd\myworks\ws01\workshop 1\workshop 1\x64\debug\workshop 1.tlog\cl.read.1.tlog
c:\users\migue\onedrive\documents\seneca college\class documents for 3 semester\courses\oop345 - hong huang - ndd\myworks\ws01\workshop 1\workshop 1\x64\debug\workshop 1.tlog\cl.write.1.tlog
c:\users\migue\onedrive\documents\seneca college\class documents for 3 semester\courses\oop345 - hong huang - ndd\myworks\ws01\workshop 1\workshop 1\x64\debug\workshop 1.tlog\link-cvtres.read.1.tlog
c:\users\migue\onedrive\documents\seneca college\class documents for 3 semester\courses\oop345 - hong huang - ndd\myworks\ws01\workshop 1\workshop 1\x64\debug\workshop 1.tlog\link-cvtres.write.1.tlog
c:\users\migue\onedrive\documents\seneca college\class documents for 3 semester\courses\oop345 - hong huang - ndd\myworks\ws01\workshop 1\workshop 1\x64\debug\workshop 1.tlog\link-rc.read.1.tlog
c:\users\migue\onedrive\documents\seneca college\class documents for 3 semester\courses\oop345 - hong huang - ndd\myworks\ws01\workshop 1\workshop 1\x64\debug\workshop 1.tlog\link-rc.write.1.tlog
c:\users\migue\onedrive\documents\seneca college\class documents for 3 semester\courses\oop345 - hong huang - ndd\myworks\ws01\workshop 1\workshop 1\x64\debug\workshop 1.tlog\link.34304-cvtres.read.1.tlog
c:\users\migue\onedrive\documents\seneca college\class documents for 3 semester\courses\oop345 - hong huang - ndd\myworks\ws01\workshop 1\workshop 1\x64\debug\workshop 1.tlog\link.34304-cvtres.write.1.tlog
c:\users\migue\onedrive\documents\seneca college\class documents for 3 semester\courses\oop345 - hong huang - ndd\myworks\ws01\workshop 1\workshop 1\x64\debug\workshop 1.tlog\link.34304-rc.read.1.tlog
c:\users\migue\onedrive\documents\seneca college\class documents for 3 semester\courses\oop345 - hong huang - ndd\myworks\ws01\workshop 1\workshop 1\x64\debug\workshop 1.tlog\link.34304-rc.write.1.tlog
c:\users\migue\onedrive\documents\seneca college\class documents for 3 semester\courses\oop345 - hong huang - ndd\myworks\ws01\workshop 1\workshop 1\x64\debug\workshop 1.tlog\link.34304.read.1.tlog
c:\users\migue\onedrive\documents\seneca college\class documents for 3 semester\courses\oop345 - hong huang - ndd\myworks\ws01\workshop 1\workshop 1\x64\debug\workshop 1.tlog\link.34304.read.3.tlog
c:\users\migue\onedrive\documents\seneca college\class documents for 3 semester\courses\oop345 - hong huang - ndd\myworks\ws01\workshop 1\workshop 1\x64\debug\workshop 1.tlog\link.34304.write.1.tlog
c:\users\migue\onedrive\documents\seneca college\class documents for 3 semester\courses\oop345 - hong huang - ndd\myworks\ws01\workshop 1\workshop 1\x64\debug\workshop 1.tlog\link.command.1.tlog
c:\users\migue\onedrive\documents\seneca college\class documents for 3 semester\courses\oop345 - hong huang - ndd\myworks\ws01\workshop 1\workshop 1\x64\debug\workshop 1.tlog\link.read.1.tlog
c:\users\migue\onedrive\documents\seneca college\class documents for 3 semester\courses\oop345 - hong huang - ndd\myworks\ws01\workshop 1\workshop 1\x64\debug\workshop 1.tlog\link.read.3.tlog
c:\users\migue\onedrive\documents\seneca college\class documents for 3 semester\courses\oop345 - hong huang - ndd\myworks\ws01\workshop 1\workshop 1\x64\debug\workshop 1.tlog\link.secondary.1.tlog
c:\users\migue\onedrive\documents\seneca college\class documents for 3 semester\courses\oop345 - hong huang - ndd\myworks\ws01\workshop 1\workshop 1\x64\debug\workshop 1.tlog\link.write.1.tlog
